<?xml version="1.0" encoding="UTF-8"?>
<!-- Generated by org.testng.reporters.JUnitReportReporter -->
<testsuite skipped="0" hostname="vensys110" name="use_of_property_file.Browser_Test" tests="1" failures="0" timestamp="17 Aug 2018 11:53:44 GMT" time="0.012" errors="0">
  <testcase name="loadApp" time="0.012" classname="use_of_property_file.Browser_Test"/>
</testsuite> <!-- use_of_property_file.Browser_Test -->
