<?xml version="1.0" encoding="UTF-8"?>
<!-- Generated by org.testng.reporters.JUnitReportReporter -->
<testsuite skipped="0" hostname="vensys110" name="use_of_config_file.property_file_use" tests="1" failures="0" timestamp="24 Jul 2018 10:43:07 GMT" time="25.108" errors="0">
  <testcase name="TestOR" time="25.108" classname="use_of_config_file.property_file_use"/>
</testsuite> <!-- use_of_config_file.property_file_use -->
