<?xml version="1.0" encoding="UTF-8"?>
<!-- Generated by org.testng.reporters.JUnitReportReporter -->
<testsuite skipped="0" hostname="vensys110" name="use_of_data_provider.MercuryLoginWithTestNG_POI" tests="1" failures="0" timestamp="18 Jul 2018 07:16:31 GMT" time="0.450" errors="0">
  <testcase name="readExcel" time="0.450" classname="use_of_data_provider.MercuryLoginWithTestNG_POI"/>
</testsuite> <!-- use_of_data_provider.MercuryLoginWithTestNG_POI -->
