<?xml version="1.0" encoding="UTF-8"?>
<!-- Generated by org.testng.reporters.JUnitReportReporter -->
<testsuite skipped="0" hostname="vensys110" name="use_of_data_provider.MercuryloginWithDataProvider" tests="2" failures="0" timestamp="24 Jul 2018 10:43:07 GMT" time="43.256" errors="0">
  <testcase name="login" time="24.937" classname="use_of_data_provider.MercuryloginWithDataProvider"/>
  <testcase name="login" time="18.319" classname="use_of_data_provider.MercuryloginWithDataProvider"/>
</testsuite> <!-- use_of_data_provider.MercuryloginWithDataProvider -->
