<?xml version="1.0" encoding="UTF-8"?>
<!-- Generated by org.testng.reporters.JUnitReportReporter -->
<testsuite skipped="0" hostname="vensys110" name="use_of_property_file.ReadDataFromExcelUsingPOI_Testng" tests="1" failures="0" timestamp="24 Jul 2018 10:43:07 GMT" time="0.554" errors="0">
  <testcase name="readExcel" time="0.554" classname="use_of_property_file.ReadDataFromExcelUsingPOI_Testng"/>
</testsuite> <!-- use_of_property_file.ReadDataFromExcelUsingPOI_Testng -->
