<?xml version="1.0" encoding="UTF-8"?>
<!-- Generated by org.testng.reporters.JUnitReportReporter -->
<testsuite skipped="0" hostname="vensys110" name="use_of_property_file.ReadDataFromExcelSheetUsingPOI" tests="1" failures="0" timestamp="19 Jul 2018 07:47:39 GMT" time="0.414" errors="0">
  <testcase name="fbLoginLogout" time="0.414" classname="use_of_property_file.ReadDataFromExcelSheetUsingPOI"/>
</testsuite> <!-- use_of_property_file.ReadDataFromExcelSheetUsingPOI -->
