<?xml version="1.0" encoding="UTF-8"?>
<!-- Generated by org.testng.reporters.JUnitReportReporter -->
<testsuite skipped="0" hostname="vensys110" name="use_of_data_provider.DatadrivenUsingDataprovider" tests="2" failures="0" timestamp="24 Jul 2018 10:43:07 GMT" time="0.003" errors="0">
  <testcase name="myAddition" time="0.001" classname="use_of_data_provider.DatadrivenUsingDataprovider"/>
  <testcase name="myAddition" time="0.002" classname="use_of_data_provider.DatadrivenUsingDataprovider"/>
</testsuite> <!-- use_of_data_provider.DatadrivenUsingDataprovider -->
