<?xml version="1.0" encoding="UTF-8"?>
<!-- Generated by org.testng.reporters.JUnitReportReporter -->
<testsuite skipped="0" hostname="vensys110" name="gmail_login.Gmail_Login" tests="1" failures="0" timestamp="16 Aug 2018 10:21:05 GMT" time="10.951" errors="0">
  <testcase name="xpathtest" time="10.951" classname="gmail_login.Gmail_Login"/>
</testsuite> <!-- gmail_login.Gmail_Login -->
